#
# A fatal error has been detected by the Java Runtime Environment:
#
#  EXCEPTION_PRIV_INSTRUCTION (0xc0000096) at pc=0x0000000002b159ad, pid=4176, tid=14684
#
# JRE version: Java(TM) SE Runtime Environment (8.0_73-b02) (build 1.8.0_73-b02)
# Java VM: Java HotSpot(TM) 64-Bit Server VM (25.73-b02 mixed mode windows-amd64 compressed oops)
# Problematic frame:
# j  com.example.system.pojo.UserAccAccess.get(Ljava/lang/Object;I)Ljava/lang/Object;+47
#
# Failed to write core dump. Minidumps are not enabled by default on client versions of Windows
#
# If you would like to submit a bug report, please visit:
#   http://bugreport.java.com/bugreport/crash.jsp
#

---------------  T H R E A D  ---------------

Current thread (0x000000001b28f800):  JavaThread "http-nio-8080-exec-4" daemon [_thread_in_Java, id=14684, stack(0x000000001d270000,0x000000001d370000)]

siginfo: ExceptionCode=0xc0000096

Registers:
RAX=0x0000000000000000, RBX=0x00000000000000b0, RCX=0x0000000000000000, RDX=0x0000000000000000
RSP=0x000000001d36cd40, RBP=0x000000001d36ce08, RSI=0x0000000000000001, RDI=0x000000000000002e
R8 =0x0000000000000061, R9 =0x00000000027118d0, R10=0x0000000000000061, R11=0x000000001d36c510
R12=0x0000000000000000, R13=0x000000001e42c2e2, R14=0x000000001d36ce28, R15=0x000000001b28f800
RIP=0x0000000002b159ad, EFLAGS=0x0000000000010202

Top of Stack: (sp=0x000000001d36cd40)
0x000000001d36cd40:   0000000000000300 000000001b28f800
0x000000001d36cd50:   00000000000000b0 0000000000000001
0x000000001d36cd60:   0000000000000000 0000000002d3b8c0
0x000000001d36cd70:   000000005d4d91e0 000000001b3be100
0x000000001d36cd80:   0000000000000006 000000000000002e
0x000000001d36cd90:   0000000000000001 000000001d36ce08
0x000000001d36cda0:   000000001d36cdc8 00000000000000b0
0x000000001d36cdb0:   000000001d36cd70 0000000000000034
0x000000001d36cdc0:   0000000000000014 000000001d36cdc8
0x000000001d36cdd0:   000000001e42c2df 000000001d36ce28
0x000000001d36cde0:   000000001e42c5c8 0000000000000000
0x000000001d36cdf0:   000000001e42c2f8 0000000000000000
0x000000001d36ce00:   000000001d36ce18 000000001d36ce70
0x000000001d36ce10:   0000000002b17a70 0000000000000003
0x000000001d36ce20:   00000000d95e1c88 00000000da42ecb8
0x000000001d36ce30:   000000001d36ce30 000000001e3f06e4 

Instructions: (pc=0x0000000002b159ad)
0x0000000002b1598d:   48 b9 f0 e4 2c 5d 00 00 00 00 48 ba 37 59 b1 02
0x0000000002b1599d:   00 00 00 00 4c 8b c4 48 83 e4 f0 e8 63 95 4b 5a
0x0000000002b159ad:   f4 66 90 00 00 00 00 00 00 00 00 00 00 00 00 00
0x0000000002b159bd:   00 00 00 e0 1a 00 00 00 00 00 00 d8 e4 2c 5d 00 


Register to memory mapping:

RAX=0x0000000000000000 is an unknown value
RBX=0x00000000000000b0 is an unknown value
RCX=0x0000000000000000 is an unknown value
RDX=0x0000000000000000 is an unknown value
RSP=0x000000001d36cd40 is pointing into the stack for thread: 0x000000001b28f800
RBP=0x000000001d36ce08 is pointing into the stack for thread: 0x000000001b28f800
RSI=0x0000000000000001 is an unknown value
RDI=0x000000000000002e is an unknown value
R8 =0x0000000000000061 is an unknown value
R9 =0x00000000027118d0 is an unknown value
R10=0x0000000000000061 is an unknown value
R11=0x000000001d36c510 is pointing into the stack for thread: 0x000000001b28f800
R12=0x0000000000000000 is an unknown value
R13=0x000000001e42c2e2 is pointing into metadata
R14=0x000000001d36ce28 is pointing into the stack for thread: 0x000000001b28f800
R15=0x000000001b28f800 is a thread


Stack: [0x000000001d270000,0x000000001d370000],  sp=0x000000001d36cd40,  free space=1011k
Native frames: (J=compiled Java code, j=interpreted, Vv=VM code, C=native code)
C  0x0000000002b159ad


---------------  P R O C E S S  ---------------

Java Threads: ( => current thread )
  0x000000001b4d8800 JavaThread "HikariPool-1 connection adder" daemon [_thread_in_Java, id=2280, stack(0x000000001c670000,0x000000001c770000)]
  0x000000001b4db800 JavaThread "HikariPool-1 housekeeper" daemon [_thread_blocked, id=14124, stack(0x0000000000960000,0x0000000000a60000)]
  0x000000001b4db000 JavaThread "RMI TCP Connection(idle)" daemon [_thread_blocked, id=11892, stack(0x000000001a2a0000,0x000000001a3a0000)]
  0x000000001b4d8000 JavaThread "DestroyJavaVM" [_thread_blocked, id=10632, stack(0x0000000002720000,0x0000000002820000)]
  0x000000001b4d7000 JavaThread "http-nio-8080-Acceptor" daemon [_thread_in_native, id=11872, stack(0x000000001da70000,0x000000001db70000)]
  0x000000001b4da000 JavaThread "http-nio-8080-ClientPoller" daemon [_thread_in_native, id=14836, stack(0x000000001d970000,0x000000001da70000)]
  0x000000001b4d4000 JavaThread "http-nio-8080-exec-10" daemon [_thread_blocked, id=4836, stack(0x000000001d870000,0x000000001d970000)]
  0x000000001b4d9800 JavaThread "http-nio-8080-exec-9" daemon [_thread_blocked, id=15792, stack(0x000000001d770000,0x000000001d870000)]
  0x000000001b4d5800 JavaThread "http-nio-8080-exec-8" daemon [_thread_blocked, id=5400, stack(0x000000001d670000,0x000000001d770000)]
  0x000000001b28e800 JavaThread "http-nio-8080-exec-7" daemon [_thread_blocked, id=2320, stack(0x000000001d570000,0x000000001d670000)]
  0x000000001b28e000 JavaThread "http-nio-8080-exec-6" daemon [_thread_blocked, id=6100, stack(0x000000001d470000,0x000000001d570000)]
  0x000000001b28d000 JavaThread "http-nio-8080-exec-5" daemon [_thread_blocked, id=6292, stack(0x000000001d370000,0x000000001d470000)]
=>0x000000001b28f800 JavaThread "http-nio-8080-exec-4" daemon [_thread_in_Java, id=14684, stack(0x000000001d270000,0x000000001d370000)]
  0x000000001b293000 JavaThread "http-nio-8080-exec-3" daemon [_thread_blocked, id=12168, stack(0x000000001d170000,0x000000001d270000)]
  0x000000001b292800 JavaThread "http-nio-8080-exec-2" daemon [_thread_blocked, id=16552, stack(0x000000001cf70000,0x000000001d070000)]
  0x000000001b291800 JavaThread "http-nio-8080-exec-1" daemon [_thread_blocked, id=8172, stack(0x000000001ce70000,0x000000001cf70000)]
  0x000000001b290000 JavaThread "http-nio-8080-BlockPoller" daemon [_thread_in_native, id=13720, stack(0x000000001cd70000,0x000000001ce70000)]
  0x000000001b276000 JavaThread "mysql-cj-abandoned-connection-cleanup" daemon [_thread_blocked, id=9920, stack(0x000000001c570000,0x000000001c670000)]
  0x000000001b1b4000 JavaThread "container-0" [_thread_blocked, id=13428, stack(0x000000001c470000,0x000000001c570000)]
  0x000000001b1b3800 JavaThread "Catalina-utility-2" [_thread_blocked, id=15412, stack(0x000000001a9a0000,0x000000001aaa0000)]
  0x000000001b23d800 JavaThread "Catalina-utility-1" [_thread_blocked, id=10244, stack(0x000000001a6a0000,0x000000001a7a0000)]
  0x0000000019885000 JavaThread "RMI Scheduler(0)" daemon [_thread_blocked, id=14152, stack(0x000000001a5a0000,0x000000001a6a0000)]
  0x000000001987d000 JavaThread "RMI TCP Connection(idle)" daemon [_thread_blocked, id=15608, stack(0x0000000019da0000,0x0000000019ea0000)]
  0x000000001952c000 JavaThread "RMI TCP Accept-0" daemon [_thread_in_native, id=8632, stack(0x0000000019ea0000,0x0000000019fa0000)]
  0x000000001952b000 JavaThread "SeedGenerator Thread" daemon [_thread_blocked, id=9384, stack(0x0000000019ca0000,0x0000000019da0000)]
  0x0000000018ce6000 JavaThread "Service Thread" daemon [_thread_blocked, id=13848, stack(0x00000000193a0000,0x00000000194a0000)]
  0x0000000018cda800 JavaThread "C1 CompilerThread2" daemon [_thread_blocked, id=11520, stack(0x00000000192a0000,0x00000000193a0000)]
  0x0000000018c72800 JavaThread "C2 CompilerThread1" daemon [_thread_blocked, id=2412, stack(0x00000000191a0000,0x00000000192a0000)]
  0x0000000018c72000 JavaThread "C2 CompilerThread0" daemon [_thread_blocked, id=5952, stack(0x00000000190a0000,0x00000000191a0000)]
  0x0000000018c3d800 JavaThread "Monitor Ctrl-Break" daemon [_thread_in_native, id=10736, stack(0x0000000018fa0000,0x00000000190a0000)]
  0x0000000017664000 JavaThread "Attach Listener" daemon [_thread_blocked, id=4536, stack(0x0000000018ea0000,0x0000000018fa0000)]
  0x00000000189e3800 JavaThread "Signal Dispatcher" daemon [_thread_blocked, id=3116, stack(0x0000000018da0000,0x0000000018ea0000)]
  0x0000000002b07000 JavaThread "Finalizer" daemon [_thread_blocked, id=14188, stack(0x00000000188a0000,0x00000000189a0000)]
  0x0000000002b04000 JavaThread "Reference Handler" daemon [_thread_blocked, id=13252, stack(0x00000000187a0000,0x00000000188a0000)]

Other Threads:
  0x0000000017618800 VMThread [stack: 0x00000000186a0000,0x00000000187a0000] [id=8872]
  0x0000000019563800 WatcherThread [stack: 0x0000000019fa0000,0x000000001a0a0000] [id=17964]

VM state:not at safepoint (normal execution)

VM Mutex/Monitor currently owned by a thread: None

Heap:
 PSYoungGen      total 140288K, used 76557K [0x00000000d5e00000, 0x00000000e5b80000, 0x0000000100000000)
  eden space 130560K, 58% used [0x00000000d5e00000,0x00000000da8c3410,0x00000000ddd80000)
  from space 9728K, 0% used [0x00000000ddd80000,0x00000000ddd80000,0x00000000de700000)
  to   space 11776K, 0% used [0x00000000e5000000,0x00000000e5000000,0x00000000e5b80000)
 ParOldGen       total 61952K, used 17074K [0x0000000081a00000, 0x0000000085680000, 0x00000000d5e00000)
  object space 61952K, 27% used [0x0000000081a00000,0x0000000082aac918,0x0000000085680000)
 Metaspace       used 41217K, capacity 43386K, committed 43776K, reserved 1087488K
  class space    used 5396K, capacity 5800K, committed 5888K, reserved 1048576K

Card table byte_map: [0x0000000011ed0000,0x00000000122d0000] byte_map_base: 0x0000000011ac3000

Marking Bits: (ParMarkBitMap*) 0x000000005d4f0600
 Begin Bits: [0x0000000012980000, 0x0000000014918000)
 End Bits:   [0x0000000014918000, 0x00000000168b0000)

Polling page: 0x0000000000570000

CodeCache: size=245760Kb used=7765Kb max_used=7765Kb free=237995Kb
 bounds [0x0000000002b10000, 0x00000000032b0000, 0x0000000011b10000]
 total_blobs=4490 nmethods=3965 adapters=436
 compilation: enabled

Compilation events (10 events):
Event: 76.517 Thread 0x0000000018cda800 3964       1       java.util.ArrayList$SubList::size (9 bytes)
Event: 76.517 Thread 0x0000000018cda800 nmethod 3964 0x0000000002d585d0 code [0x0000000002d58740, 0x0000000002d588c8]
Event: 76.517 Thread 0x0000000018cda800 3965       1       java.util.ArrayList$SubList::iterator (5 bytes)
Event: 76.517 Thread 0x0000000018cda800 nmethod 3965 0x00000000030dde10 code [0x00000000030ddfa0, 0x00000000030de2b8]
Event: 76.517 Thread 0x0000000018cda800 3966       1       java.util.ArrayList$SubList::listIterator (25 bytes)
Event: 76.517 Thread 0x0000000018cda800 nmethod 3966 0x00000000030cd590 code [0x00000000030cd720, 0x00000000030cda18]
Event: 76.517 Thread 0x0000000018cda800 3967       1       java.util.ArrayList$SubList::rangeCheckForAdd (26 bytes)
Event: 76.517 Thread 0x0000000018cda800 nmethod 3967 0x0000000002cb8710 code [0x0000000002cb88c0, 0x0000000002cb8cf8]
Event: 76.517 Thread 0x0000000018cda800 3968       1       java.util.ArrayList$SubList$1::<init> (47 bytes)
Event: 76.517 Thread 0x0000000018cda800 nmethod 3968 0x00000000030bd350 code [0x00000000030bd4a0, 0x00000000030bd5f0]

GC Heap History (10 events):
Event: 6.196 GC heap before
{Heap before GC invocations=5 (full 0):
 PSYoungGen      total 71680K, used 9859K [0x00000000d5e00000, 0x00000000da900000, 0x0000000100000000)
  eden space 66560K, 7% used [0x00000000d5e00000,0x00000000d62a39a0,0x00000000d9f00000)
  from space 5120K, 99% used [0x00000000da400000,0x00000000da8fd488,0x00000000da900000)
  to   space 5120K, 0% used [0x00000000d9f00000,0x00000000d9f00000,0x00000000da400000)
 ParOldGen       total 87552K, used 7697K [0x0000000081a00000, 0x0000000086f80000, 0x00000000d5e00000)
  object space 87552K, 8% used [0x0000000081a00000,0x0000000082184518,0x0000000086f80000)
 Metaspace       used 20327K, capacity 21202K, committed 21296K, reserved 1067008K
  class space    used 2668K, capacity 2869K, committed 2944K, reserved 1048576K
Event: 6.202 GC heap after
Heap after GC invocations=5 (full 0):
 PSYoungGen      total 71680K, used 5101K [0x00000000d5e00000, 0x00000000df300000, 0x0000000100000000)
  eden space 66560K, 0% used [0x00000000d5e00000,0x00000000d5e00000,0x00000000d9f00000)
  from space 5120K, 99% used [0x00000000d9f00000,0x00000000da3fb488,0x00000000da400000)
  to   space 9728K, 0% used [0x00000000de980000,0x00000000de980000,0x00000000df300000)
 ParOldGen       total 87552K, used 8135K [0x0000000081a00000, 0x0000000086f80000, 0x00000000d5e00000)
  object space 87552K, 9% used [0x0000000081a00000,0x00000000821f1cf8,0x0000000086f80000)
 Metaspace       used 20327K, capacity 21202K, committed 21296K, reserved 1067008K
  class space    used 2668K, capacity 2869K, committed 2944K, reserved 1048576K
}
Event: 6.202 GC heap before
{Heap before GC invocations=6 (full 1):
 PSYoungGen      total 71680K, used 5101K [0x00000000d5e00000, 0x00000000df300000, 0x0000000100000000)
  eden space 66560K, 0% used [0x00000000d5e00000,0x00000000d5e00000,0x00000000d9f00000)
  from space 5120K, 99% used [0x00000000d9f00000,0x00000000da3fb488,0x00000000da400000)
  to   space 9728K, 0% used [0x00000000de980000,0x00000000de980000,0x00000000df300000)
 ParOldGen       total 87552K, used 8135K [0x0000000081a00000, 0x0000000086f80000, 0x00000000d5e00000)
  object space 87552K, 9% used [0x0000000081a00000,0x00000000821f1cf8,0x0000000086f80000)
 Metaspace       used 20327K, capacity 21202K, committed 21296K, reserved 1067008K
  class space    used 2668K, capacity 2869K, committed 2944K, reserved 1048576K
Event: 6.232 GC heap after
Heap after GC invocations=6 (full 1):
 PSYoungGen      total 71680K, used 0K [0x00000000d5e00000, 0x00000000df300000, 0x0000000100000000)
  eden space 66560K, 0% used [0x00000000d5e00000,0x00000000d5e00000,0x00000000d9f00000)
  from space 5120K, 0% used [0x00000000d9f00000,0x00000000d9f00000,0x00000000da400000)
  to   space 9728K, 0% used [0x00000000de980000,0x00000000de980000,0x00000000df300000)
 ParOldGen       total 47104K, used 6395K [0x0000000081a00000, 0x0000000084800000, 0x00000000d5e00000)
  object space 47104K, 13% used [0x0000000081a00000,0x000000008203ec18,0x0000000084800000)
 Metaspace       used 20327K, capacity 21202K, committed 21296K, reserved 1067008K
  class space    used 2668K, capacity 2869K, committed 2944K, reserved 1048576K
}
Event: 6.703 GC heap before
{Heap before GC invocations=7 (full 1):
 PSYoungGen      total 71680K, used 66560K [0x00000000d5e00000, 0x00000000df300000, 0x0000000100000000)
  eden space 66560K, 100% used [0x00000000d5e00000,0x00000000d9f00000,0x00000000d9f00000)
  from space 5120K, 0% used [0x00000000d9f00000,0x00000000d9f00000,0x00000000da400000)
  to   space 9728K, 0% used [0x00000000de980000,0x00000000de980000,0x00000000df300000)
 ParOldGen       total 47104K, used 6395K [0x0000000081a00000, 0x0000000084800000, 0x00000000d5e00000)
  object space 47104K, 13% used [0x0000000081a00000,0x000000008203ec18,0x0000000084800000)
 Metaspace       used 25194K, capacity 26716K, committed 27008K, reserved 1073152K
  class space    used 3352K, capacity 3652K, committed 3712K, reserved 1048576K
Event: 6.710 GC heap after
Heap after GC invocations=7 (full 1):
 PSYoungGen      total 133632K, used 7167K [0x00000000d5e00000, 0x00000000df080000, 0x0000000100000000)
  eden space 126464K, 0% used [0x00000000d5e00000,0x00000000d5e00000,0x00000000dd980000)
  from space 7168K, 99% used [0x00000000de980000,0x00000000df07fef0,0x00000000df080000)
  to   space 9728K, 0% used [0x00000000ddd80000,0x00000000ddd80000,0x00000000de700000)
 ParOldGen       total 47104K, used 6403K [0x0000000081a00000, 0x0000000084800000, 0x00000000d5e00000)
  object space 47104K, 13% used [0x0000000081a00000,0x0000000082040c18,0x0000000084800000)
 Metaspace       used 25194K, capacity 26716K, committed 27008K, reserved 1073152K
  class space    used 3352K, capacity 3652K, committed 3712K, reserved 1048576K
}
Event: 60.925 GC heap before
{Heap before GC invocations=8 (full 1):
 PSYoungGen      total 133632K, used 118712K [0x00000000d5e00000, 0x00000000df080000, 0x0000000100000000)
  eden space 126464K, 88% used [0x00000000d5e00000,0x00000000dcaee298,0x00000000dd980000)
  from space 7168K, 99% used [0x00000000de980000,0x00000000df07fef0,0x00000000df080000)
  to   space 9728K, 0% used [0x00000000ddd80000,0x00000000ddd80000,0x00000000de700000)
 ParOldGen       total 47104K, used 6403K [0x0000000081a00000, 0x0000000084800000, 0x00000000d5e00000)
  object space 47104K, 13% used [0x0000000081a00000,0x0000000082040c18,0x0000000084800000)
 Metaspace       used 33283K, capacity 35350K, committed 35496K, reserved 1079296K
  class space    used 4475K, capacity 4848K, committed 4864K, reserved 1048576K
Event: 60.940 GC heap after
Heap after GC invocations=8 (full 1):
 PSYoungGen      total 140288K, used 9717K [0x00000000d5e00000, 0x00000000e5b80000, 0x0000000100000000)
  eden space 130560K, 0% used [0x00000000d5e00000,0x00000000d5e00000,0x00000000ddd80000)
  from space 9728K, 99% used [0x00000000ddd80000,0x00000000de6fd400,0x00000000de700000)
  to   space 11776K, 0% used [0x00000000e5000000,0x00000000e5000000,0x00000000e5b80000)
 ParOldGen       total 47104K, used 8930K [0x0000000081a00000, 0x0000000084800000, 0x00000000d5e00000)
  object space 47104K, 18% used [0x0000000081a00000,0x00000000822b8920,0x0000000084800000)
 Metaspace       used 33283K, capacity 35350K, committed 35496K, reserved 1079296K
  class space    used 4475K, capacity 4848K, committed 4864K, reserved 1048576K
}
Event: 60.940 GC heap before
{Heap before GC invocations=9 (full 2):
 PSYoungGen      total 140288K, used 9717K [0x00000000d5e00000, 0x00000000e5b80000, 0x0000000100000000)
  eden space 130560K, 0% used [0x00000000d5e00000,0x00000000d5e00000,0x00000000ddd80000)
  from space 9728K, 99% used [0x00000000ddd80000,0x00000000de6fd400,0x00000000de700000)
  to   space 11776K, 0% used [0x00000000e5000000,0x00000000e5000000,0x00000000e5b80000)
 ParOldGen       total 47104K, used 8930K [0x0000000081a00000, 0x0000000084800000, 0x00000000d5e00000)
  object space 47104K, 18% used [0x0000000081a00000,0x00000000822b8920,0x0000000084800000)
 Metaspace       used 33283K, capacity 35350K, committed 35496K, reserved 1079296K
  class space    used 4475K, capacity 4848K, committed 4864K, reserved 1048576K
Event: 61.006 GC heap after
Heap after GC invocations=9 (full 2):
 PSYoungGen      total 140288K, used 0K [0x00000000d5e00000, 0x00000000e5b80000, 0x0000000100000000)
  eden space 130560K, 0% used [0x00000000d5e00000,0x00000000d5e00000,0x00000000ddd80000)
  from space 9728K, 0% used [0x00000000ddd80000,0x00000000ddd80000,0x00000000de700000)
  to   space 11776K, 0% used [0x00000000e5000000,0x00000000e5000000,0x00000000e5b80000)
 ParOldGen       total 61952K, used 17074K [0x0000000081a00000, 0x0000000085680000, 0x00000000d5e00000)
  object space 61952K, 27% used [0x0000000081a00000,0x0000000082aac918,0x0000000085680000)
 Metaspace       used 33283K, capacity 35350K, committed 35496K, reserved 1079296K
  class space    used 4475K, capacity 4848K, committed 4864K, reserved 1048576K
}

Deoptimization events (0 events):
No events

Internal exceptions (10 events):
Event: 76.475 Thread 0x000000001b28f800 Exception <a 'java/lang/ArrayIndexOutOfBoundsException'> (0x00000000d9e38038) thrown at [D:\re\puppet\workspace\8-2-build-windows-amd64-cygwin\jdk8u73\6086\hotspot\src\share\vm\runtime\sharedRuntime.cpp, line 605]
Event: 76.477 Thread 0x000000001b28f800 Exception <a 'java/lang/ArrayIndexOutOfBoundsException'> (0x00000000d9e5cdf8) thrown at [D:\re\puppet\workspace\8-2-build-windows-amd64-cygwin\jdk8u73\6086\hotspot\src\share\vm\runtime\sharedRuntime.cpp, line 605]
Event: 76.477 Thread 0x000000001b28f800 Exception <a 'java/lang/ArrayIndexOutOfBoundsException'> (0x00000000d9e5e988) thrown at [D:\re\puppet\workspace\8-2-build-windows-amd64-cygwin\jdk8u73\6086\hotspot\src\share\vm\runtime\sharedRuntime.cpp, line 605]
Event: 76.477 Thread 0x000000001b28f800 Exception <a 'java/lang/ArrayIndexOutOfBoundsException'> (0x00000000d9e60380) thrown at [D:\re\puppet\workspace\8-2-build-windows-amd64-cygwin\jdk8u73\6086\hotspot\src\share\vm\runtime\sharedRuntime.cpp, line 605]
Event: 76.477 Thread 0x000000001b28f800 Exception <a 'java/lang/ArrayIndexOutOfBoundsException'> (0x00000000d9e62120) thrown at [D:\re\puppet\workspace\8-2-build-windows-amd64-cygwin\jdk8u73\6086\hotspot\src\share\vm\runtime\sharedRuntime.cpp, line 605]
Event: 76.481 Thread 0x000000001b28f800 Exception <a 'java/lang/ArrayIndexOutOfBoundsException'> (0x00000000d9efa4d8) thrown at [D:\re\puppet\workspace\8-2-build-windows-amd64-cygwin\jdk8u73\6086\hotspot\src\share\vm\runtime\sharedRuntime.cpp, line 605]
Event: 76.481 Thread 0x000000001b28f800 Exception <a 'java/lang/ArrayIndexOutOfBoundsException'> (0x00000000d9efca08) thrown at [D:\re\puppet\workspace\8-2-build-windows-amd64-cygwin\jdk8u73\6086\hotspot\src\share\vm\runtime\sharedRuntime.cpp, line 605]
Event: 76.481 Thread 0x000000001b28f800 Exception <a 'java/lang/ArrayIndexOutOfBoundsException'> (0x00000000d9efe4c8) thrown at [D:\re\puppet\workspace\8-2-build-windows-amd64-cygwin\jdk8u73\6086\hotspot\src\share\vm\runtime\sharedRuntime.cpp, line 605]
Event: 76.481 Thread 0x000000001b28f800 Exception <a 'java/lang/ArrayIndexOutOfBoundsException'> (0x00000000d9effd38) thrown at [D:\re\puppet\workspace\8-2-build-windows-amd64-cygwin\jdk8u73\6086\hotspot\src\share\vm\runtime\sharedRuntime.cpp, line 605]
Event: 76.481 Thread 0x000000001b28f800 Exception <a 'java/lang/ArrayIndexOutOfBoundsException'> (0x00000000d9f01950) thrown at [D:\re\puppet\workspace\8-2-build-windows-amd64-cygwin\jdk8u73\6086\hotspot\src\share\vm\runtime\sharedRuntime.cpp, line 605]

Events (10 events):
Event: 76.513 Thread 0x0000000018cda800 flushing nmethod 0x00000000030d5110
Event: 76.513 Thread 0x0000000018cda800 flushing nmethod 0x00000000030d55d0
Event: 76.513 Thread 0x0000000018cda800 flushing nmethod 0x00000000030ddd10
Event: 76.513 Thread 0x0000000018cda800 flushing nmethod 0x00000000030e6c10
Event: 76.515 loading class org/objectweb/asm/Label
Event: 76.515 loading class org/objectweb/asm/Label done
Event: 76.516 loading class org/objectweb/asm/Frame
Event: 76.516 loading class org/objectweb/asm/Frame done
Event: 76.516 loading class org/objectweb/asm/Edge
Event: 76.516 loading class org/objectweb/asm/Edge done


Dynamic libraries:
0x00007ff694390000 - 0x00007ff6943c7000 	C:\Program Files\Java\jdk1.8.0_73\bin\java.exe
0x00007ffa09260000 - 0x00007ffa09450000 	C:\WINDOWS\SYSTEM32\ntdll.dll
0x00007ffa08450000 - 0x00007ffa08502000 	C:\WINDOWS\System32\KERNEL32.DLL
0x00007ffa06480000 - 0x00007ffa06725000 	C:\WINDOWS\System32\KERNELBASE.dll
0x00007ffa08c20000 - 0x00007ffa08cc3000 	C:\WINDOWS\System32\ADVAPI32.dll
0x00007ffa08b80000 - 0x00007ffa08c1e000 	C:\WINDOWS\System32\msvcrt.dll
0x00007ffa08d50000 - 0x00007ffa08de7000 	C:\WINDOWS\System32\sechost.dll
0x00007ffa08250000 - 0x00007ffa08370000 	C:\WINDOWS\System32\RPCRT4.dll
0x00007ffa08f20000 - 0x00007ffa090b4000 	C:\WINDOWS\System32\USER32.dll
0x00007ffa06750000 - 0x00007ffa06771000 	C:\WINDOWS\System32\win32u.dll
0x00007ffa07a60000 - 0x00007ffa07a86000 	C:\WINDOWS\System32\GDI32.dll
0x00007ffa06240000 - 0x00007ffa063d6000 	C:\WINDOWS\System32\gdi32full.dll
0x00007ffa063e0000 - 0x00007ffa0647e000 	C:\WINDOWS\System32\msvcp_win.dll
0x00007ffa06780000 - 0x00007ffa0687a000 	C:\WINDOWS\System32\ucrtbase.dll
0x00007ff9f23d0000 - 0x00007ff9f2654000 	C:\WINDOWS\WinSxS\amd64_microsoft.windows.common-controls_6595b64144ccf1df_6.0.18362.1139_none_9e7bf2d3e4605ac6\COMCTL32.dll
0x00007ffa08510000 - 0x00007ffa08845000 	C:\WINDOWS\System32\combase.dll
0x00007ffa070e0000 - 0x00007ffa07160000 	C:\WINDOWS\System32\bcryptPrimitives.dll
0x00007ffa08a90000 - 0x00007ffa08abe000 	C:\WINDOWS\System32\IMM32.DLL
0x000000005d570000 - 0x000000005d642000 	C:\Program Files\Java\jdk1.8.0_73\jre\bin\msvcr100.dll
0x000000005cce0000 - 0x000000005d570000 	C:\Program Files\Java\jdk1.8.0_73\jre\bin\server\jvm.dll
0x00007ffa07310000 - 0x00007ffa07318000 	C:\WINDOWS\System32\PSAPI.DLL
0x00007ffa02a80000 - 0x00007ffa02aa4000 	C:\WINDOWS\SYSTEM32\WINMM.dll
0x00007ff9eff60000 - 0x00007ff9eff6a000 	C:\WINDOWS\SYSTEM32\VERSION.dll
0x00007ffa02a50000 - 0x00007ffa02a7d000 	C:\WINDOWS\SYSTEM32\WINMMBASE.dll
0x00007ffa061f0000 - 0x00007ffa0623a000 	C:\WINDOWS\System32\cfgmgr32.dll
0x00007ff9ff3e0000 - 0x00007ff9ff3e9000 	C:\WINDOWS\SYSTEM32\WSOCK32.dll
0x00007ffa08860000 - 0x00007ffa088cf000 	C:\WINDOWS\System32\WS2_32.dll
0x000000005ec20000 - 0x000000005ec2f000 	C:\Program Files\Java\jdk1.8.0_73\jre\bin\verify.dll
0x000000005ebf0000 - 0x000000005ec19000 	C:\Program Files\Java\jdk1.8.0_73\jre\bin\java.dll
0x000000005cc40000 - 0x000000005cc63000 	C:\Program Files\Java\jdk1.8.0_73\jre\bin\instrument.dll
0x000000005eb30000 - 0x000000005eb46000 	C:\Program Files\Java\jdk1.8.0_73\jre\bin\zip.dll
0x00007ffa07b60000 - 0x00007ffa08247000 	C:\WINDOWS\System32\SHELL32.dll
0x00007ffa08e70000 - 0x00007ffa08f19000 	C:\WINDOWS\System32\shcore.dll
0x00007ffa06960000 - 0x00007ffa070e0000 	C:\WINDOWS\System32\windows.storage.dll
0x00007ffa061c0000 - 0x00007ffa061e3000 	C:\WINDOWS\System32\profapi.dll
0x00007ffa06170000 - 0x00007ffa061ba000 	C:\WINDOWS\System32\powrprof.dll
0x00007ffa06120000 - 0x00007ffa06130000 	C:\WINDOWS\System32\UMPDC.dll
0x00007ffa08ac0000 - 0x00007ffa08b12000 	C:\WINDOWS\System32\shlwapi.dll
0x00007ffa06130000 - 0x00007ffa06141000 	C:\WINDOWS\System32\kernel.appcore.dll
0x00007ffa06730000 - 0x00007ffa06747000 	C:\WINDOWS\System32\cryptsp.dll
0x00007ff9fecf0000 - 0x00007ff9fed0a000 	E:\Program Files\JetBrains\IntelliJ IDEA 2019.1.1\bin\breakgen64.dll
0x000000005ccc0000 - 0x000000005ccda000 	C:\Program Files\Java\jdk1.8.0_73\jre\bin\net.dll
0x00007ffa05970000 - 0x00007ffa059d7000 	C:\WINDOWS\system32\mswsock.dll
0x00007ffa056c0000 - 0x00007ffa0578b000 	C:\WINDOWS\SYSTEM32\DNSAPI.dll
0x00007ffa08850000 - 0x00007ffa08858000 	C:\WINDOWS\System32\NSI.dll
0x00007ffa05680000 - 0x00007ffa056ba000 	C:\WINDOWS\SYSTEM32\IPHLPAPI.DLL
0x00007ff9fb150000 - 0x00007ff9fb15a000 	C:\Windows\System32\rasadhlp.dll
0x00007ff9fb690000 - 0x00007ff9fb707000 	C:\WINDOWS\System32\fwpuclnt.dll
0x00007ffa06880000 - 0x00007ffa068a6000 	C:\WINDOWS\System32\bcrypt.dll
0x000000005cc30000 - 0x000000005cc3d000 	C:\Program Files\Java\jdk1.8.0_73\jre\bin\management.dll
0x000000005cca0000 - 0x000000005ccb1000 	C:\Program Files\Java\jdk1.8.0_73\jre\bin\nio.dll
0x00007ff9fb8b0000 - 0x00007ff9fb8c6000 	C:\WINDOWS\SYSTEM32\dhcpcsvc6.DLL
0x00007ff9fb890000 - 0x00007ff9fb8ac000 	C:\WINDOWS\SYSTEM32\dhcpcsvc.DLL
0x00007ff9f0fd0000 - 0x00007ff9f0fe6000 	C:\WINDOWS\system32\napinsp.dll
0x00007ff9f10f0000 - 0x00007ff9f110a000 	C:\WINDOWS\system32\pnrpnsp.dll
0x00007ff9f1180000 - 0x00007ff9f118e000 	C:\WINDOWS\System32\winrnr.dll
0x00007ffa025f0000 - 0x00007ffa0260c000 	C:\WINDOWS\system32\NLAapi.dll
0x00007ff9f2cd0000 - 0x00007ff9f2ce5000 	C:\WINDOWS\system32\wshbth.dll
0x00007ffa054e0000 - 0x00007ffa05513000 	C:\WINDOWS\system32\rsaenh.dll
0x00007ffa06040000 - 0x00007ffa06065000 	C:\WINDOWS\SYSTEM32\USERENV.dll
0x00007ffa05b40000 - 0x00007ffa05b4c000 	C:\WINDOWS\SYSTEM32\CRYPTBASE.dll
0x000000005cc70000 - 0x000000005cc94000 	C:\Program Files\Java\jdk1.8.0_73\jre\bin\sunec.dll
0x00007ffa04b00000 - 0x00007ffa04cf4000 	C:\WINDOWS\SYSTEM32\dbghelp.dll

VM Arguments:
jvm_args: -XX:TieredStopAtLevel=1 -Xverify:none -Dspring.output.ansi.enabled=always -Dcom.sun.management.jmxremote -Dspring.jmx.enabled=true -Dspring.liveBeansView.mbeanDomain -Dspring.application.admin.enabled=true -javaagent:E:\Program Files\JetBrains\IntelliJ IDEA 2019.1.1\lib\idea_rt.jar=50705:E:\Program Files\JetBrains\IntelliJ IDEA 2019.1.1\bin -Dfile.encoding=UTF-8 
java_command: com.example.system.SystemApplication
java_class_path (initial): C:\Program Files\Java\jdk1.8.0_73\jre\lib\charsets.jar;C:\Program Files\Java\jdk1.8.0_73\jre\lib\deploy.jar;C:\Program Files\Java\jdk1.8.0_73\jre\lib\ext\access-bridge-64.jar;C:\Program Files\Java\jdk1.8.0_73\jre\lib\ext\cldrdata.jar;C:\Program Files\Java\jdk1.8.0_73\jre\lib\ext\dnsns.jar;C:\Program Files\Java\jdk1.8.0_73\jre\lib\ext\jaccess.jar;C:\Program Files\Java\jdk1.8.0_73\jre\lib\ext\jfxrt.jar;C:\Program Files\Java\jdk1.8.0_73\jre\lib\ext\localedata.jar;C:\Program Files\Java\jdk1.8.0_73\jre\lib\ext\nashorn.jar;C:\Program Files\Java\jdk1.8.0_73\jre\lib\ext\sunec.jar;C:\Program Files\Java\jdk1.8.0_73\jre\lib\ext\sunjce_provider.jar;C:\Program Files\Java\jdk1.8.0_73\jre\lib\ext\sunmscapi.jar;C:\Program Files\Java\jdk1.8.0_73\jre\lib\ext\sunpkcs11.jar;C:\Program Files\Java\jdk1.8.0_73\jre\lib\ext\zipfs.jar;C:\Program Files\Java\jdk1.8.0_73\jre\lib\javaws.jar;C:\Program Files\Java\jdk1.8.0_73\jre\lib\jce.jar;C:\Program Files\Java\jdk1.8.0_73\jre\lib\jfr.jar;C:\Program Files\Java\jdk1.8.0_73\jre\lib\jfxswt.jar;C:\Program Files\Java\jdk1.8.0_73\jre\lib\jsse.jar;C:\Program Files\Java\jdk1.8.0_73\jre\lib\management-agent.jar;C:\Program Files\Java\jdk1.8.0_73\jre\lib\plugin.jar;C:\Program Files\Java\jdk1.8.0_73\jre\lib\resources.jar;C:\Program Files\Java\jdk1.8.0_73\jre\lib\rt.jar;E:\IdeaProjects\system\target\classes;E:\maven\repository\org\springframework\boot\spring-boot-starter-thymeleaf\2.3.4.RELEASE\spring-boot-starter-thymeleaf-2.3.4.RELEASE.jar;E:\maven\repository\org\springframework\boot\spring-boot-starter\2.3.4.RELEASE\spring-boot-starter-2.3.4.RELEASE.jar;E:\maven\repository\org\springframework\boot\spring-boot\2.3.4.RELEASE\spring-boot-2.3.4.RELEASE.jar;E:\maven\repository\org\springframework\boot\spring-boot-autoconfigure\2.3.4.RELEASE\spring-boot-autoconfigure-2.3.4.RELEASE.jar;E:\maven\repository\org\springframework\boot\spring-boot-starter-logging\2.3.4.RELEASE\spring-boot-starter-logging-2.3.4.RELEASE.jar;E:\maven\reposito
Launcher Type: SUN_STANDARD

Environment Variables:
JAVA_HOME=C:\Program Files\Java\jdk1.8.0_73
JRE_HOME=C:\Program Files\Java\jre1.8.0_73
CLASSPATH=.;C:\Program Files (x86)\Java\jdk1.7.0_72\lib\dt.jar;C:\Program Files (x86)\Java\jdk1.7.0_72\lib\tools.jar;
PATH=E:\app\oracle12c\product\12.1.0\dbhome_1\bin;C:\Program Files\Java\jdk1.8.0_73\bin;C:\ProgramData\Oracle\Java\javapath;E:\app\tjqwelcome\product\11.2.0\dbhome_1\bin;E:\app\tjqwelcome\virtual\product\12.2.0\dbhome_1\bin;C:\WINDOWS\system32;C:\WINDOWS;C:\WINDOWS\System32\Wbem;C:\WINDOWS\System32\WindowsPowerShell\v1.0\;C:\Program Files\nodejs\;C:\WINDOWS\System32\OpenSSH\;C:\Program Files (x86)\NVIDIA Corporation\PhysX\Common;E:\Matlab\runtime\win64;E:\Matlab\bin;E:\Matlab\polyspace\bin;G:\Kuai8Games\Download\05293\150\DTS\Binn\;";C:\Program Files (x86)\Java\jdk1.7.0_72;%JRE_HOME%";C:\Program Files\MySQL\MySQL Server 5.5\bin;G:\Kuai8Games\Download\17355\Client SDK\ODBC\170\Tools\Binn\;G:\Kuai8Games\Download\05293\150\Tools\Binn\;G:\Kuai8Games\Download\17355\150\Tools\Binn\;G:\Kuai8Games\Download\17355\150\DTS\Binn\;E:\maven\apache-maven-3.6.0\bin;E:\Android\SDK\tools;E:\Android\SDK\platform-tools;E:\Git\cmd;E:\Androidkaifa\platform-tools;E:\Program Files\TortoiseSVN\bin;C:\Users\Lenovo\AppData\Local\Programs\Python\Python37-32\Scripts\;C:\Users\Lenovo\AppData\Local\Programs\Python\Python37-32\;C:\Users\Lenovo\AppData\Local\Programs\Python\Python37\Scripts\;C:\Users\Lenovo\AppData\Local\Programs\Python\Python37\;C:\Users\Lenovo\AppData\Local\Programs\Python\Python36\Scripts\;C:\Users\Lenovo\AppData\Local\Programs\Python\Python36\;C:\Users\Lenovo\AppData\Local\Microsoft\WindowsApps;C:\Users\Lenovo\.dotnet\tools;C:\Users\Lenovo\AppData\Roaming\npm;C:\Users\Lenovo\AppData\Local\Programs\Microsoft VS Code\bin;C:\Users\Lenovo\AppData\Local\Microsoft\WindowsApps;E:\idea\IntelliJ IDEA 2020.1\bin;;%TALINA_HOME%\bin\;E:\Program Files\JetBrains\PyCharm 2019.3.3\bin;;C:\Users\Lenovo\AppData\Local\GitHubDesktop\bin
USERNAME=tjqwecom
OS=Windows_NT
PROCESSOR_IDENTIFIER=Intel64 Family 6 Model 158 Stepping 9, GenuineIntel



---------------  S Y S T E M  ---------------

OS: Windows 10.0 , 64 bit Build 18362 (10.0.18362.1110)

CPU:total 4 (4 cores per cpu, 1 threads per core) family 6 model 158 stepping 9, cmov, cx8, fxsr, mmx, sse, sse2, sse3, ssse3, sse4.1, sse4.2, popcnt, avx, avx2, aes, clmul, erms, 3dnowpref, lzcnt, tsc, tscinvbit, bmi1, bmi2, adx

Memory: 4k page, physical 8278180k(2538168k free), swap 15487140k(3864232k free)

vm_info: Java HotSpot(TM) 64-Bit Server VM (25.73-b02) for windows-amd64 JRE (1.8.0_73-b02), built on Jan 29 2016 17:38:49 by "java_re" with MS VC++ 10.0 (VS2010)

time: Wed Nov 04 11:59:38 2020
elapsed time: 76 seconds (0d 0h 1m 16s)

